[ 2016-06-25T00:04:08+08:00 ] 127.0.0.1 /Supplier/index.html
INFO: [ app_init ] --START--
INFO: Run Behavior\BuildLiteBehavior [ RunTime:0.000000s ]
INFO: [ app_init ] --END-- [ RunTime:0.001000s ]
INFO: [ app_begin ] --START--
INFO: Run Behavior\ReadHtmlCacheBehavior [ RunTime:0.001000s ]
INFO: [ app_begin ] --END-- [ RunTime:0.001000s ]
SQL: SHOW COLUMNS FROM `supplier` [ RunTime:0.0060s ]
SQL: SELECT * FROM `supplier` WHERE `status` >= 0  [ RunTime:0.0000s ]
INFO: [ view_parse ] --START--
INFO: [ template_filter ] --START--
INFO: Run Behavior\ContentReplaceBehavior [ RunTime:0.000000s ]
INFO: [ template_filter ] --END-- [ RunTime:0.000000s ]

[ 2016-06-25T00:04:09+08:00 ] 127.0.0.1 /Supplier/index.html
INFO: [ app_init ] --START--
INFO: Run Behavior\BuildLiteBehavior [ RunTime:0.000000s ]
INFO: [ app_init ] --END-- [ RunTime:0.000000s ]
INFO: [ app_begin ] --START--
INFO: Run Behavior\ReadHtmlCacheBehavior [ RunTime:0.000000s ]
INFO: [ app_begin ] --END-- [ RunTime:0.001001s ]
SQL: SHOW COLUMNS FROM `supplier` [ RunTime:0.0040s ]
SQL: SELECT * FROM `supplier` WHERE `status` >= 0  [ RunTime:0.0000s ]
INFO: [ view_parse ] --START--
INFO: [ template_filter ] --START--
INFO: Run Behavior\ContentReplaceBehavior [ RunTime:0.000000s ]
INFO: [ template_filter ] --END-- [ RunTime:0.000000s ]

[ 2016-06-25T00:04:09+08:00 ] 127.0.0.1 /Supplier/index.html
INFO: [ app_init ] --START--
INFO: Run Behavior\BuildLiteBehavior [ RunTime:0.000000s ]
INFO: [ app_init ] --END-- [ RunTime:0.000000s ]
INFO: [ app_begin ] --START--
INFO: Run Behavior\ReadHtmlCacheBehavior [ RunTime:0.001000s ]
INFO: [ app_begin ] --END-- [ RunTime:0.001000s ]
SQL: SHOW COLUMNS FROM `supplier` [ RunTime:0.0060s ]
SQL: SELECT * FROM `supplier` WHERE `status` >= 0  [ RunTime:0.0000s ]
INFO: [ view_parse ] --START--
INFO: [ template_filter ] --START--
INFO: Run Behavior\ContentReplaceBehavior [ RunTime:0.000000s ]
INFO: [ template_filter ] --END-- [ RunTime:0.000000s ]

[ 2016-06-25T00:04:10+08:00 ] 127.0.0.1 /Supplier/index.html
INFO: [ app_init ] --START--
INFO: Run Behavior\BuildLiteBehavior [ RunTime:0.000000s ]
INFO: [ app_init ] --END-- [ RunTime:0.000000s ]
INFO: [ app_begin ] --START--
INFO: Run Behavior\ReadHtmlCacheBehavior [ RunTime:0.001000s ]
INFO: [ app_begin ] --END-- [ RunTime:0.001000s ]
SQL: SHOW COLUMNS FROM `supplier` [ RunTime:0.0040s ]
SQL: SELECT * FROM `supplier` WHERE `status` >= 0  [ RunTime:0.0010s ]
INFO: [ view_parse ] --START--
INFO: [ template_filter ] --START--
INFO: Run Behavior\ContentReplaceBehavior [ RunTime:0.000000s ]
INFO: [ template_filter ] --END-- [ RunTime:0.000000s ]

[ 2016-06-25T00:04:20+08:00 ] 127.0.0.1 /
INFO: [ app_init ] --START--
INFO: Run Behavior\BuildLiteBehavior [ RunTime:0.000000s ]
INFO: [ app_init ] --END-- [ RunTime:0.001000s ]
INFO: [ app_begin ] --START--
INFO: Run Behavior\ReadHtmlCacheBehavior [ RunTime:0.001000s ]
INFO: [ app_begin ] --END-- [ RunTime:0.001000s ]
INFO: [ view_parse ] --START--
INFO: [ template_filter ] --START--
INFO: Run Behavior\ContentReplaceBehavior [ RunTime:0.000000s ]
INFO: [ template_filter ] --END-- [ RunTime:0.000000s ]
INFO: Run Behavior\ParseTemplateBehavior [ RunTime:0.007000s ]
INFO: [ view_parse ] --END-- [ RunTime:0.007000s ]
INFO: [ view_filter ] --START--
INFO: Run Behavior\WriteHtmlCacheBehavior [ RunTime:0.000000s ]
INFO: [ view_filter ] --END-- [ RunTime:0.000000s ]
INFO: [ app_end ] --START--
INFO: Run Behavior\ShowPageTraceBehavior [ RunTime:0.001000s ]
INFO: [ app_end ] --END-- [ RunTime:0.001000s ]

[ 2016-06-25T00:04:25+08:00 ] 127.0.0.1 /Supplier/index
INFO: [ app_init ] --START--
INFO: Run Behavior\BuildLiteBehavior [ RunTime:0.000000s ]
INFO: [ app_init ] --END-- [ RunTime:0.001001s ]
INFO: [ app_begin ] --START--
INFO: Run Behavior\ReadHtmlCacheBehavior [ RunTime:0.001000s ]
INFO: [ app_begin ] --END-- [ RunTime:0.001000s ]
SQL: SHOW COLUMNS FROM `supplier` [ RunTime:0.0060s ]
SQL: SELECT * FROM `supplier` WHERE `status` >= 0  [ RunTime:0.0000s ]
INFO: [ view_parse ] --START--
INFO: [ template_filter ] --START--
INFO: Run Behavior\ContentReplaceBehavior [ RunTime:0.000000s ]
INFO: [ template_filter ] --END-- [ RunTime:0.000000s ]

[ 2016-06-25T00:05:01+08:00 ] 127.0.0.1 /Supplier/index
INFO: [ app_init ] --START--
INFO: Run Behavior\BuildLiteBehavior [ RunTime:0.000000s ]
INFO: [ app_init ] --END-- [ RunTime:0.001000s ]
INFO: [ app_begin ] --START--
INFO: Run Behavior\ReadHtmlCacheBehavior [ RunTime:0.000000s ]
INFO: [ app_begin ] --END-- [ RunTime:0.000000s ]
SQL: SHOW COLUMNS FROM `supplier` [ RunTime:0.0040s ]
SQL: SELECT * FROM `supplier` WHERE `status` >= 0  [ RunTime:0.0000s ]
INFO: [ view_parse ] --START--
INFO: [ template_filter ] --START--
INFO: Run Behavior\ContentReplaceBehavior [ RunTime:0.000000s ]
INFO: [ template_filter ] --END-- [ RunTime:0.000000s ]
NOTIC: [8] Use of undefined constant id - assumed 'id' F:\web\shop\admin.shop.com\Application\Runtime\Cache\Admin\964134b3ec5f200362a5b138bacc0c91.php 第 44 行.
NOTIC: [8] Use of undefined constant id - assumed 'id' F:\web\shop\admin.shop.com\Application\Runtime\Cache\Admin\964134b3ec5f200362a5b138bacc0c91.php 第 45 行.
NOTIC: [8] Use of undefined constant id - assumed 'id' F:\web\shop\admin.shop.com\Application\Runtime\Cache\Admin\964134b3ec5f200362a5b138bacc0c91.php 第 44 行.
NOTIC: [8] Use of undefined constant id - assumed 'id' F:\web\shop\admin.shop.com\Application\Runtime\Cache\Admin\964134b3ec5f200362a5b138bacc0c91.php 第 45 行.
NOTIC: [8] Use of undefined constant id - assumed 'id' F:\web\shop\admin.shop.com\Application\Runtime\Cache\Admin\964134b3ec5f200362a5b138bacc0c91.php 第 44 行.
NOTIC: [8] Use of undefined constant id - assumed 'id' F:\web\shop\admin.shop.com\Application\Runtime\Cache\Admin\964134b3ec5f200362a5b138bacc0c91.php 第 45 行.
NOTIC: [8] Use of undefined constant id - assumed 'id' F:\web\shop\admin.shop.com\Application\Runtime\Cache\Admin\964134b3ec5f200362a5b138bacc0c91.php 第 44 行.
NOTIC: [8] Use of undefined constant id - assumed 'id' F:\web\shop\admin.shop.com\Application\Runtime\Cache\Admin\964134b3ec5f200362a5b138bacc0c91.php 第 45 行.
NOTIC: [8] Use of undefined constant id - assumed 'id' F:\web\shop\admin.shop.com\Application\Runtime\Cache\Admin\964134b3ec5f200362a5b138bacc0c91.php 第 44 行.
NOTIC: [8] Use of undefined constant id - assumed 'id' F:\web\shop\admin.shop.com\Application\Runtime\Cache\Admin\964134b3ec5f200362a5b138bacc0c91.php 第 45 行.
NOTIC: [8] Use of undefined constant id - assumed 'id' F:\web\shop\admin.shop.com\Application\Runtime\Cache\Admin\964134b3ec5f200362a5b138bacc0c91.php 第 44 行.
NOTIC: [8] Use of undefined constant id - assumed 'id' F:\web\shop\admin.shop.com\Application\Runtime\Cache\Admin\964134b3ec5f200362a5b138bacc0c91.php 第 45 行.
NOTIC: [8] Undefined variable: html F:\web\shop\admin.shop.com\Application\Runtime\Cache\Admin\964134b3ec5f200362a5b138bacc0c91.php 第 66 行.
INFO: Run Behavior\ParseTemplateBehavior [ RunTime:0.011000s ]
INFO: [ view_parse ] --END-- [ RunTime:0.011000s ]
INFO: [ view_filter ] --START--
INFO: Run Behavior\WriteHtmlCacheBehavior [ RunTime:0.001000s ]
INFO: [ view_filter ] --END-- [ RunTime:0.001000s ]
INFO: [ app_end ] --START--
INFO: Run Behavior\ShowPageTraceBehavior [ RunTime:0.001000s ]
INFO: [ app_end ] --END-- [ RunTime:0.001000s ]

[ 2016-06-25T00:05:06+08:00 ] 127.0.0.1 /Supplier/remove/id/12.html
INFO: [ app_init ] --START--
INFO: Run Behavior\BuildLiteBehavior [ RunTime:0.000000s ]
INFO: [ app_init ] --END-- [ RunTime:0.001000s ]
INFO: [ app_begin ] --START--
INFO: Run Behavior\ReadHtmlCacheBehavior [ RunTime:0.001000s ]
INFO: [ app_begin ] --END-- [ RunTime:0.001000s ]
ERR: 非法操作:remove

[ 2016-06-25T00:36:05+08:00 ] 127.0.0.1 /Supplier/index
INFO: [ app_init ] --START--
INFO: Run Behavior\BuildLiteBehavior [ RunTime:0.000000s ]
INFO: [ app_init ] --END-- [ RunTime:0.001000s ]
INFO: [ app_begin ] --START--
INFO: Run Behavior\ReadHtmlCacheBehavior [ RunTime:0.000000s ]
INFO: [ app_begin ] --END-- [ RunTime:0.001000s ]
SQL: SHOW COLUMNS FROM `supplier` [ RunTime:0.0050s ]
SQL: SELECT * FROM `supplier` WHERE `status` >= 0  [ RunTime:0.0000s ]
INFO: [ view_parse ] --START--
INFO: [ template_filter ] --START--
INFO: Run Behavior\ContentReplaceBehavior [ RunTime:0.000000s ]
INFO: [ template_filter ] --END-- [ RunTime:0.000000s ]
NOTIC: [8] Use of undefined constant id - assumed 'id' F:\web\shop\admin.shop.com\Application\Runtime\Cache\Admin\964134b3ec5f200362a5b138bacc0c91.php 第 44 行.
NOTIC: [8] Use of undefined constant id - assumed 'id' F:\web\shop\admin.shop.com\Application\Runtime\Cache\Admin\964134b3ec5f200362a5b138bacc0c91.php 第 45 行.
NOTIC: [8] Use of undefined constant id - assumed 'id' F:\web\shop\admin.shop.com\Application\Runtime\Cache\Admin\964134b3ec5f200362a5b138bacc0c91.php 第 44 行.
NOTIC: [8] Use of undefined constant id - assumed 'id' F:\web\shop\admin.shop.com\Application\Runtime\Cache\Admin\964134b3ec5f200362a5b138bacc0c91.php 第 45 行.
NOTIC: [8] Use of undefined constant id - assumed 'id' F:\web\shop\admin.shop.com\Application\Runtime\Cache\Admin\964134b3ec5f200362a5b138bacc0c91.php 第 44 行.
NOTIC: [8] Use of undefined constant id - assumed 'id' F:\web\shop\admin.shop.com\Application\Runtime\Cache\Admin\964134b3ec5f200362a5b138bacc0c91.php 第 45 行.
NOTIC: [8] Use of undefined constant id - assumed 'id' F:\web\shop\admin.shop.com\Application\Runtime\Cache\Admin\964134b3ec5f200362a5b138bacc0c91.php 第 44 行.
NOTIC: [8] Use of undefined constant id - assumed 'id' F:\web\shop\admin.shop.com\Application\Runtime\Cache\Admin\964134b3ec5f200362a5b138bacc0c91.php 第 45 行.
NOTIC: [8] Use of undefined constant id - assumed 'id' F:\web\shop\admin.shop.com\Application\Runtime\Cache\Admin\964134b3ec5f200362a5b138bacc0c91.php 第 44 行.
NOTIC: [8] Use of undefined constant id - assumed 'id' F:\web\shop\admin.shop.com\Application\Runtime\Cache\Admin\964134b3ec5f200362a5b138bacc0c91.php 第 45 行.
NOTIC: [8] Use of undefined constant id - assumed 'id' F:\web\shop\admin.shop.com\Application\Runtime\Cache\Admin\964134b3ec5f200362a5b138bacc0c91.php 第 44 行.
NOTIC: [8] Use of undefined constant id - assumed 'id' F:\web\shop\admin.shop.com\Application\Runtime\Cache\Admin\964134b3ec5f200362a5b138bacc0c91.php 第 45 行.
NOTIC: [8] Undefined variable: html F:\web\shop\admin.shop.com\Application\Runtime\Cache\Admin\964134b3ec5f200362a5b138bacc0c91.php 第 66 行.
INFO: Run Behavior\ParseTemplateBehavior [ RunTime:0.015001s ]
INFO: [ view_parse ] --END-- [ RunTime:0.015001s ]
INFO: [ view_filter ] --START--
INFO: Run Behavior\WriteHtmlCacheBehavior [ RunTime:0.001000s ]
INFO: [ view_filter ] --END-- [ RunTime:0.001000s ]
INFO: [ app_end ] --START--
INFO: Run Behavior\ShowPageTraceBehavior [ RunTime:0.001000s ]
INFO: [ app_end ] --END-- [ RunTime:0.001000s ]

[ 2016-06-25T00:36:05+08:00 ] 127.0.0.1 /Supplier/index
INFO: [ app_init ] --START--
INFO: Run Behavior\BuildLiteBehavior [ RunTime:0.000000s ]
INFO: [ app_init ] --END-- [ RunTime:0.001000s ]
INFO: [ app_begin ] --START--
INFO: Run Behavior\ReadHtmlCacheBehavior [ RunTime:0.002000s ]
INFO: [ app_begin ] --END-- [ RunTime:0.002000s ]
SQL: SHOW COLUMNS FROM `supplier` [ RunTime:0.0060s ]
SQL: SELECT * FROM `supplier` WHERE `status` >= 0  [ RunTime:0.0010s ]
INFO: [ view_parse ] --START--
INFO: [ template_filter ] --START--
INFO: Run Behavior\ContentReplaceBehavior [ RunTime:0.000000s ]
INFO: [ template_filter ] --END-- [ RunTime:0.000000s ]
NOTIC: [8] Use of undefined constant id - assumed 'id' F:\web\shop\admin.shop.com\Application\Runtime\Cache\Admin\964134b3ec5f200362a5b138bacc0c91.php 第 44 行.
NOTIC: [8] Use of undefined constant id - assumed 'id' F:\web\shop\admin.shop.com\Application\Runtime\Cache\Admin\964134b3ec5f200362a5b138bacc0c91.php 第 45 行.
NOTIC: [8] Use of undefined constant id - assumed 'id' F:\web\shop\admin.shop.com\Application\Runtime\Cache\Admin\964134b3ec5f200362a5b138bacc0c91.php 第 44 行.
NOTIC: [8] Use of undefined constant id - assumed 'id' F:\web\shop\admin.shop.com\Application\Runtime\Cache\Admin\964134b3ec5f200362a5b138bacc0c91.php 第 45 行.
NOTIC: [8] Use of undefined constant id - assumed 'id' F:\web\shop\admin.shop.com\Application\Runtime\Cache\Admin\964134b3ec5f200362a5b138bacc0c91.php 第 44 行.
NOTIC: [8] Use of undefined constant id - assumed 'id' F:\web\shop\admin.shop.com\Application\Runtime\Cache\Admin\964134b3ec5f200362a5b138bacc0c91.php 第 45 行.
NOTIC: [8] Use of undefined constant id - assumed 'id' F:\web\shop\admin.shop.com\Application\Runtime\Cache\Admin\964134b3ec5f200362a5b138bacc0c91.php 第 44 行.
NOTIC: [8] Use of undefined constant id - assumed 'id' F:\web\shop\admin.shop.com\Application\Runtime\Cache\Admin\964134b3ec5f200362a5b138bacc0c91.php 第 45 行.
NOTIC: [8] Use of undefined constant id - assumed 'id' F:\web\shop\admin.shop.com\Application\Runtime\Cache\Admin\964134b3ec5f200362a5b138bacc0c91.php 第 44 行.
NOTIC: [8] Use of undefined constant id - assumed 'id' F:\web\shop\admin.shop.com\Application\Runtime\Cache\Admin\964134b3ec5f200362a5b138bacc0c91.php 第 45 行.
NOTIC: [8] Use of undefined constant id - assumed 'id' F:\web\shop\admin.shop.com\Application\Runtime\Cache\Admin\964134b3ec5f200362a5b138bacc0c91.php 第 44 行.
NOTIC: [8] Use of undefined constant id - assumed 'id' F:\web\shop\admin.shop.com\Application\Runtime\Cache\Admin\964134b3ec5f200362a5b138bacc0c91.php 第 45 行.
NOTIC: [8] Undefined variable: html F:\web\shop\admin.shop.com\Application\Runtime\Cache\Admin\964134b3ec5f200362a5b138bacc0c91.php 第 66 行.
INFO: Run Behavior\ParseTemplateBehavior [ RunTime:0.015000s ]
INFO: [ view_parse ] --END-- [ RunTime:0.015000s ]
INFO: [ view_filter ] --START--
INFO: Run Behavior\WriteHtmlCacheBehavior [ RunTime:0.001000s ]
INFO: [ view_filter ] --END-- [ RunTime:0.001000s ]
INFO: [ app_end ] --START--
INFO: Run Behavior\ShowPageTraceBehavior [ RunTime:0.002001s ]
INFO: [ app_end ] --END-- [ RunTime:0.002001s ]

[ 2016-06-25T00:36:09+08:00 ] 127.0.0.1 /Supplier/remove/id/12.html
INFO: [ app_init ] --START--
INFO: Run Behavior\BuildLiteBehavior [ RunTime:0.000000s ]
INFO: [ app_init ] --END-- [ RunTime:0.001000s ]
INFO: [ app_begin ] --START--
INFO: Run Behavior\ReadHtmlCacheBehavior [ RunTime:0.001000s ]
INFO: [ app_begin ] --END-- [ RunTime:0.001000s ]
SQL: SHOW COLUMNS FROM `supplier` [ RunTime:0.0040s ]

[ 2016-06-25T00:36:43+08:00 ] 127.0.0.1 /Supplier/remove/id/12.html
INFO: [ app_init ] --START--
INFO: Run Behavior\BuildLiteBehavior [ RunTime:0.000000s ]
INFO: [ app_init ] --END-- [ RunTime:0.001000s ]
INFO: [ app_begin ] --START--
INFO: Run Behavior\ReadHtmlCacheBehavior [ RunTime:0.001000s ]
INFO: [ app_begin ] --END-- [ RunTime:0.001000s ]
SQL: SHOW COLUMNS FROM `supplier` [ RunTime:0.0060s ]

[ 2016-06-25T00:36:45+08:00 ] 127.0.0.1 /Supplier/index
INFO: [ app_init ] --START--
INFO: Run Behavior\BuildLiteBehavior [ RunTime:0.001000s ]
INFO: [ app_init ] --END-- [ RunTime:0.002001s ]
INFO: [ app_begin ] --START--
INFO: Run Behavior\ReadHtmlCacheBehavior [ RunTime:0.001000s ]
INFO: [ app_begin ] --END-- [ RunTime:0.001000s ]
SQL: SHOW COLUMNS FROM `supplier` [ RunTime:0.0060s ]
SQL: SELECT * FROM `supplier` WHERE `status` >= 0  [ RunTime:0.0000s ]
INFO: [ view_parse ] --START--
INFO: [ template_filter ] --START--
INFO: Run Behavior\ContentReplaceBehavior [ RunTime:0.000000s ]
INFO: [ template_filter ] --END-- [ RunTime:0.000000s ]
NOTIC: [8] Use of undefined constant id - assumed 'id' F:\web\shop\admin.shop.com\Application\Runtime\Cache\Admin\964134b3ec5f200362a5b138bacc0c91.php 第 44 行.
NOTIC: [8] Use of undefined constant id - assumed 'id' F:\web\shop\admin.shop.com\Application\Runtime\Cache\Admin\964134b3ec5f200362a5b138bacc0c91.php 第 45 行.
NOTIC: [8] Use of undefined constant id - assumed 'id' F:\web\shop\admin.shop.com\Application\Runtime\Cache\Admin\964134b3ec5f200362a5b138bacc0c91.php 第 44 行.
NOTIC: [8] Use of undefined constant id - assumed 'id' F:\web\shop\admin.shop.com\Application\Runtime\Cache\Admin\964134b3ec5f200362a5b138bacc0c91.php 第 45 行.
NOTIC: [8] Use of undefined constant id - assumed 'id' F:\web\shop\admin.shop.com\Application\Runtime\Cache\Admin\964134b3ec5f200362a5b138bacc0c91.php 第 44 行.
NOTIC: [8] Use of undefined constant id - assumed 'id' F:\web\shop\admin.shop.com\Application\Runtime\Cache\Admin\964134b3ec5f200362a5b138bacc0c91.php 第 45 行.
NOTIC: [8] Use of undefined constant id - assumed 'id' F:\web\shop\admin.shop.com\Application\Runtime\Cache\Admin\964134b3ec5f200362a5b138bacc0c91.php 第 44 行.
NOTIC: [8] Use of undefined constant id - assumed 'id' F:\web\shop\admin.shop.com\Application\Runtime\Cache\Admin\964134b3ec5f200362a5b138bacc0c91.php 第 45 行.
NOTIC: [8] Use of undefined constant id - assumed 'id' F:\web\shop\admin.shop.com\Application\Runtime\Cache\Admin\964134b3ec5f200362a5b138bacc0c91.php 第 44 行.
NOTIC: [8] Use of undefined constant id - assumed 'id' F:\web\shop\admin.shop.com\Application\Runtime\Cache\Admin\964134b3ec5f200362a5b138bacc0c91.php 第 45 行.
NOTIC: [8] Use of undefined constant id - assumed 'id' F:\web\shop\admin.shop.com\Application\Runtime\Cache\Admin\964134b3ec5f200362a5b138bacc0c91.php 第 44 行.
NOTIC: [8] Use of undefined constant id - assumed 'id' F:\web\shop\admin.shop.com\Application\Runtime\Cache\Admin\964134b3ec5f200362a5b138bacc0c91.php 第 45 行.
NOTIC: [8] Undefined variable: html F:\web\shop\admin.shop.com\Application\Runtime\Cache\Admin\964134b3ec5f200362a5b138bacc0c91.php 第 66 行.
INFO: Run Behavior\ParseTemplateBehavior [ RunTime:0.012001s ]
INFO: [ view_parse ] --END-- [ RunTime:0.012001s ]
INFO: [ view_filter ] --START--
INFO: Run Behavior\WriteHtmlCacheBehavior [ RunTime:0.001000s ]
INFO: [ view_filter ] --END-- [ RunTime:0.001000s ]
INFO: [ app_end ] --START--
INFO: Run Behavior\ShowPageTraceBehavior [ RunTime:0.001000s ]
INFO: [ app_end ] --END-- [ RunTime:0.001000s ]

[ 2016-06-25T00:36:46+08:00 ] 127.0.0.1 /Supplier/remove/id/12.html
INFO: [ app_init ] --START--
INFO: Run Behavior\BuildLiteBehavior [ RunTime:0.000000s ]
INFO: [ app_init ] --END-- [ RunTime:0.000000s ]
INFO: [ app_begin ] --START--
INFO: Run Behavior\ReadHtmlCacheBehavior [ RunTime:0.001000s ]
INFO: [ app_begin ] --END-- [ RunTime:0.001000s ]
SQL: SHOW COLUMNS FROM `supplier` [ RunTime:0.0050s ]

[ 2016-06-25T00:38:01+08:00 ] 127.0.0.1 /Supplier/remove/id/12.html
INFO: [ app_init ] --START--
INFO: Run Behavior\BuildLiteBehavior [ RunTime:0.000000s ]
INFO: [ app_init ] --END-- [ RunTime:0.001000s ]
INFO: [ app_begin ] --START--
INFO: Run Behavior\ReadHtmlCacheBehavior [ RunTime:0.001000s ]
INFO: [ app_begin ] --END-- [ RunTime:0.002000s ]
SQL: SHOW COLUMNS FROM `supplier` [ RunTime:0.0060s ]
SQL: UPDATE `supplier` SET `status`='-1',`name`=concat(name,"_del") WHERE `id` = 12 [ RunTime:0.0000s ]
INFO: [ view_parse ] --START--
INFO: [ template_filter ] --START--
INFO: Run Behavior\ContentReplaceBehavior [ RunTime:0.000000s ]
INFO: [ template_filter ] --END-- [ RunTime:0.000000s ]
INFO: Run Behavior\ParseTemplateBehavior [ RunTime:0.017001s ]
INFO: [ view_parse ] --END-- [ RunTime:0.017001s ]
INFO: [ view_filter ] --START--
INFO: Run Behavior\WriteHtmlCacheBehavior [ RunTime:0.001000s ]
INFO: [ view_filter ] --END-- [ RunTime:0.001000s ]
INFO: [ app_end ] --START--
INFO: Run Behavior\ShowPageTraceBehavior [ RunTime:0.002001s ]
INFO: [ app_end ] --END-- [ RunTime:0.002001s ]

[ 2016-06-25T00:38:02+08:00 ] 127.0.0.1 /Supplier/index.html
INFO: [ app_init ] --START--
INFO: Run Behavior\BuildLiteBehavior [ RunTime:0.000000s ]
INFO: [ app_init ] --END-- [ RunTime:0.001000s ]
INFO: [ app_begin ] --START--
INFO: Run Behavior\ReadHtmlCacheBehavior [ RunTime:0.000000s ]
INFO: [ app_begin ] --END-- [ RunTime:0.000000s ]
SQL: SHOW COLUMNS FROM `supplier` [ RunTime:0.0060s ]
SQL: SELECT * FROM `supplier` WHERE `status` >= 0  [ RunTime:0.0000s ]
INFO: [ view_parse ] --START--
INFO: [ template_filter ] --START--
INFO: Run Behavior\ContentReplaceBehavior [ RunTime:0.000000s ]
INFO: [ template_filter ] --END-- [ RunTime:0.000000s ]
NOTIC: [8] Use of undefined constant id - assumed 'id' F:\web\shop\admin.shop.com\Application\Runtime\Cache\Admin\964134b3ec5f200362a5b138bacc0c91.php 第 44 行.
NOTIC: [8] Use of undefined constant id - assumed 'id' F:\web\shop\admin.shop.com\Application\Runtime\Cache\Admin\964134b3ec5f200362a5b138bacc0c91.php 第 45 行.
NOTIC: [8] Use of undefined constant id - assumed 'id' F:\web\shop\admin.shop.com\Application\Runtime\Cache\Admin\964134b3ec5f200362a5b138bacc0c91.php 第 44 行.
NOTIC: [8] Use of undefined constant id - assumed 'id' F:\web\shop\admin.shop.com\Application\Runtime\Cache\Admin\964134b3ec5f200362a5b138bacc0c91.php 第 45 行.
NOTIC: [8] Use of undefined constant id - assumed 'id' F:\web\shop\admin.shop.com\Application\Runtime\Cache\Admin\964134b3ec5f200362a5b138bacc0c91.php 第 44 行.
NOTIC: [8] Use of undefined constant id - assumed 'id' F:\web\shop\admin.shop.com\Application\Runtime\Cache\Admin\964134b3ec5f200362a5b138bacc0c91.php 第 45 行.
NOTIC: [8] Use of undefined constant id - assumed 'id' F:\web\shop\admin.shop.com\Application\Runtime\Cache\Admin\964134b3ec5f200362a5b138bacc0c91.php 第 44 行.
NOTIC: [8] Use of undefined constant id - assumed 'id' F:\web\shop\admin.shop.com\Application\Runtime\Cache\Admin\964134b3ec5f200362a5b138bacc0c91.php 第 45 行.
NOTIC: [8] Use of undefined constant id - assumed 'id' F:\web\shop\admin.shop.com\Application\Runtime\Cache\Admin\964134b3ec5f200362a5b138bacc0c91.php 第 44 行.
NOTIC: [8] Use of undefined constant id - assumed 'id' F:\web\shop\admin.shop.com\Application\Runtime\Cache\Admin\964134b3ec5f200362a5b138bacc0c91.php 第 45 行.
NOTIC: [8] Undefined variable: html F:\web\shop\admin.shop.com\Application\Runtime\Cache\Admin\964134b3ec5f200362a5b138bacc0c91.php 第 66 行.
INFO: Run Behavior\ParseTemplateBehavior [ RunTime:0.010001s ]
INFO: [ view_parse ] --END-- [ RunTime:0.010001s ]
INFO: [ view_filter ] --START--
INFO: Run Behavior\WriteHtmlCacheBehavior [ RunTime:0.001000s ]
INFO: [ view_filter ] --END-- [ RunTime:0.001000s ]
INFO: [ app_end ] --START--
INFO: Run Behavior\ShowPageTraceBehavior [ RunTime:0.001000s ]
INFO: [ app_end ] --END-- [ RunTime:0.001000s ]

[ 2016-06-25T00:38:13+08:00 ] 127.0.0.1 /Supplier/edit/id/5.html
INFO: [ app_init ] --START--
INFO: Run Behavior\BuildLiteBehavior [ RunTime:0.000000s ]
INFO: [ app_init ] --END-- [ RunTime:0.000000s ]
INFO: [ app_begin ] --START--
INFO: Run Behavior\ReadHtmlCacheBehavior [ RunTime:0.003000s ]
INFO: [ app_begin ] --END-- [ RunTime:0.003000s ]
SQL: SHOW COLUMNS FROM `supplier` [ RunTime:0.0060s ]
SQL: SELECT * FROM `supplier` WHERE `id` = 5 LIMIT 1   [ RunTime:0.0000s ]
INFO: [ view_parse ] --START--
INFO: [ template_filter ] --START--
INFO: Run Behavior\ContentReplaceBehavior [ RunTime:0.000000s ]
INFO: [ template_filter ] --END-- [ RunTime:0.000000s ]
INFO: Run Behavior\ParseTemplateBehavior [ RunTime:0.015001s ]
INFO: [ view_parse ] --END-- [ RunTime:0.016001s ]
INFO: [ view_filter ] --START--
INFO: Run Behavior\WriteHtmlCacheBehavior [ RunTime:0.001000s ]
INFO: [ view_filter ] --END-- [ RunTime:0.001000s ]
INFO: [ app_end ] --START--
INFO: Run Behavior\ShowPageTraceBehavior [ RunTime:0.001000s ]
INFO: [ app_end ] --END-- [ RunTime:0.001000s ]

[ 2016-06-25T00:38:21+08:00 ] 127.0.0.1 /Supplier/edit.html
INFO: [ app_init ] --START--
INFO: Run Behavior\BuildLiteBehavior [ RunTime:0.000000s ]
INFO: [ app_init ] --END-- [ RunTime:0.000000s ]
INFO: [ app_begin ] --START--
INFO: Run Behavior\ReadHtmlCacheBehavior [ RunTime:0.001000s ]
INFO: [ app_begin ] --END-- [ RunTime:0.002000s ]
SQL: SHOW COLUMNS FROM `supplier` [ RunTime:0.0050s ]
NOTIC: [8] Undefined index: validate F:\web\shop\ThinkPHP\Library\Think\Model.class.php 第 1185 行.
SQL: SELECT * FROM `supplier` WHERE `name` = '重庆供货商' AND `id` <> '5' LIMIT 1   [ RunTime:0.0000s ]
INFO: [ view_parse ] --START--
INFO: [ template_filter ] --START--
INFO: Run Behavior\ContentReplaceBehavior [ RunTime:0.000000s ]
INFO: [ template_filter ] --END-- [ RunTime:0.000000s ]
INFO: Run Behavior\ParseTemplateBehavior [ RunTime:0.012001s ]
INFO: [ view_parse ] --END-- [ RunTime:0.012001s ]
INFO: [ view_filter ] --START--
INFO: Run Behavior\WriteHtmlCacheBehavior [ RunTime:0.001000s ]
INFO: [ view_filter ] --END-- [ RunTime:0.001000s ]

[ 2016-06-25T00:38:27+08:00 ] 127.0.0.1 /Supplier/edit.html
INFO: [ app_init ] --START--
INFO: Run Behavior\BuildLiteBehavior [ RunTime:0.000000s ]
INFO: [ app_init ] --END-- [ RunTime:0.002000s ]
INFO: [ app_begin ] --START--
INFO: Run Behavior\ReadHtmlCacheBehavior [ RunTime:0.001000s ]
INFO: [ app_begin ] --END-- [ RunTime:0.001000s ]
SQL: SHOW COLUMNS FROM `supplier` [ RunTime:0.0060s ]
NOTIC: [8] Undefined index: validate F:\web\shop\ThinkPHP\Library\Think\Model.class.php 第 1185 行.
SQL: SELECT * FROM `supplier` WHERE `name` = '重庆供货商' AND `id` <> '5' LIMIT 1   [ RunTime:0.0010s ]
NOTIC: [8] Undefined index: auto F:\web\shop\ThinkPHP\Library\Think\Model.class.php 第 1128 行.
SQL: UPDATE `supplier` SET `name`='重庆供货商',`intro`='重庆供货商的简介',`sort`='50',`status`='1' WHERE `id` = 5 [ RunTime:0.0010s ]
INFO: [ view_parse ] --START--
INFO: [ template_filter ] --START--
INFO: Run Behavior\ContentReplaceBehavior [ RunTime:0.000000s ]
INFO: [ template_filter ] --END-- [ RunTime:0.000000s ]
INFO: Run Behavior\ParseTemplateBehavior [ RunTime:0.011001s ]
INFO: [ view_parse ] --END-- [ RunTime:0.011001s ]
INFO: [ view_filter ] --START--
INFO: Run Behavior\WriteHtmlCacheBehavior [ RunTime:0.001000s ]
INFO: [ view_filter ] --END-- [ RunTime:0.001000s ]
INFO: [ app_end ] --START--
INFO: Run Behavior\ShowPageTraceBehavior [ RunTime:0.001000s ]
INFO: [ app_end ] --END-- [ RunTime:0.001000s ]

[ 2016-06-25T00:38:28+08:00 ] 127.0.0.1 /Supplier/index.html
INFO: [ app_init ] --START--
INFO: Run Behavior\BuildLiteBehavior [ RunTime:0.000000s ]
INFO: [ app_init ] --END-- [ RunTime:0.000000s ]
INFO: [ app_begin ] --START--
INFO: Run Behavior\ReadHtmlCacheBehavior [ RunTime:0.001000s ]
INFO: [ app_begin ] --END-- [ RunTime:0.001000s ]
SQL: SHOW COLUMNS FROM `supplier` [ RunTime:0.0050s ]
SQL: SELECT * FROM `supplier` WHERE `status` >= 0  [ RunTime:0.0010s ]
INFO: [ view_parse ] --START--
INFO: [ template_filter ] --START--
INFO: Run Behavior\ContentReplaceBehavior [ RunTime:0.000000s ]
INFO: [ template_filter ] --END-- [ RunTime:0.000000s ]
NOTIC: [8] Use of undefined constant id - assumed 'id' F:\web\shop\admin.shop.com\Application\Runtime\Cache\Admin\964134b3ec5f200362a5b138bacc0c91.php 第 44 行.
NOTIC: [8] Use of undefined constant id - assumed 'id' F:\web\shop\admin.shop.com\Application\Runtime\Cache\Admin\964134b3ec5f200362a5b138bacc0c91.php 第 45 行.
NOTIC: [8] Use of undefined constant id - assumed 'id' F:\web\shop\admin.shop.com\Application\Runtime\Cache\Admin\964134b3ec5f200362a5b138bacc0c91.php 第 44 行.
NOTIC: [8] Use of undefined constant id - assumed 'id' F:\web\shop\admin.shop.com\Application\Runtime\Cache\Admin\964134b3ec5f200362a5b138bacc0c91.php 第 45 行.
NOTIC: [8] Use of undefined constant id - assumed 'id' F:\web\shop\admin.shop.com\Application\Runtime\Cache\Admin\964134b3ec5f200362a5b138bacc0c91.php 第 44 行.
NOTIC: [8] Use of undefined constant id - assumed 'id' F:\web\shop\admin.shop.com\Application\Runtime\Cache\Admin\964134b3ec5f200362a5b138bacc0c91.php 第 45 行.
NOTIC: [8] Use of undefined constant id - assumed 'id' F:\web\shop\admin.shop.com\Application\Runtime\Cache\Admin\964134b3ec5f200362a5b138bacc0c91.php 第 44 行.
NOTIC: [8] Use of undefined constant id - assumed 'id' F:\web\shop\admin.shop.com\Application\Runtime\Cache\Admin\964134b3ec5f200362a5b138bacc0c91.php 第 45 行.
NOTIC: [8] Use of undefined constant id - assumed 'id' F:\web\shop\admin.shop.com\Application\Runtime\Cache\Admin\964134b3ec5f200362a5b138bacc0c91.php 第 44 行.
NOTIC: [8] Use of undefined constant id - assumed 'id' F:\web\shop\admin.shop.com\Application\Runtime\Cache\Admin\964134b3ec5f200362a5b138bacc0c91.php 第 45 行.
NOTIC: [8] Undefined variable: html F:\web\shop\admin.shop.com\Application\Runtime\Cache\Admin\964134b3ec5f200362a5b138bacc0c91.php 第 66 行.
INFO: Run Behavior\ParseTemplateBehavior [ RunTime:0.009001s ]
INFO: [ view_parse ] --END-- [ RunTime:0.009001s ]
INFO: [ view_filter ] --START--
INFO: Run Behavior\WriteHtmlCacheBehavior [ RunTime:0.002000s ]
INFO: [ view_filter ] --END-- [ RunTime:0.002000s ]
INFO: [ app_end ] --START--
INFO: Run Behavior\ShowPageTraceBehavior [ RunTime:0.001000s ]
INFO: [ app_end ] --END-- [ RunTime:0.001000s ]

